C:\USERS\HUNTERX\DOCUMENTS\VISUAL STUDIO 2012\PROJECTS\ACM2\ACM\DEBUG\ACM.OBJ
C:\USERS\HUNTERX\DOCUMENTS\VISUAL STUDIO 2012\PROJECTS\ACM2\ACM\DEBUG\VC110.PDB
C:\USERS\HUNTERX\DOCUMENTS\VISUAL STUDIO 2012\PROJECTS\ACM2\DEBUG\ACM.ILK
C:\USERS\HUNTERX\DOCUMENTS\VISUAL STUDIO 2012\PROJECTS\ACM2\DEBUG\ACM.EXE
C:\USERS\HUNTERX\DOCUMENTS\VISUAL STUDIO 2012\PROJECTS\ACM2\DEBUG\ACM.PDB
C:\Users\HunterX\Documents\Visual Studio 2012\Projects\acm2\acm\Debug\acm.obj
C:\Users\HunterX\Documents\Visual Studio 2012\Projects\acm2\acm\Debug\cl.command.1.tlog
C:\Users\HunterX\Documents\Visual Studio 2012\Projects\acm2\acm\Debug\CL.read.1.tlog
C:\Users\HunterX\Documents\Visual Studio 2012\Projects\acm2\acm\Debug\CL.write.1.tlog
C:\Users\HunterX\Documents\Visual Studio 2012\Projects\acm2\acm\Debug\link-cvtres.read.1.tlog
C:\Users\HunterX\Documents\Visual Studio 2012\Projects\acm2\acm\Debug\link-cvtres.write.1.tlog
C:\Users\HunterX\Documents\Visual Studio 2012\Projects\acm2\acm\Debug\link-rc.read.1.tlog
C:\Users\HunterX\Documents\Visual Studio 2012\Projects\acm2\acm\Debug\link-rc.write.1.tlog
C:\Users\HunterX\Documents\Visual Studio 2012\Projects\acm2\acm\Debug\link.command.1.tlog
C:\Users\HunterX\Documents\Visual Studio 2012\Projects\acm2\acm\Debug\link.read.1.tlog
C:\Users\HunterX\Documents\Visual Studio 2012\Projects\acm2\acm\Debug\link.write.1.tlog
C:\Users\HunterX\Documents\Visual Studio 2012\Projects\acm2\acm\Debug\vc110.idb
C:\Users\HunterX\Documents\Visual Studio 2012\Projects\acm2\acm\Debug\vc110.pdb
C:\Users\HunterX\Documents\Visual Studio 2012\Projects\acm2\Debug\acm.pdb
C:\Users\HunterX\Documents\Visual Studio 2012\Projects\acm2\Debug\acm.exe
C:\Users\HunterX\Documents\Visual Studio 2012\Projects\acm2\Debug\acm.ilk
